  Effect.cpp
  Sound.cpp
  GetKeyState.cpp
  InputState.cpp
  keyID.cpp
  KeyState.cpp
  main.cpp
  player.cpp
D:\Users\1916003\Desktop\新しいフォルダー (2)\GameMain\チーム制作\team\team\Player\player.cpp(90,52): warning C4244: '-=': 'float' から 'int' への変換です。データが失われる可能性があります。
  skill.cpp
  BaseScene.cpp
  GameOverScene.cpp
  GameScene.cpp
  Pause.cpp
  ResultScene.cpp
  SceneMng.cpp
  SelectScene.cpp
  TitleScene.cpp
  Stage.cpp
  Vector2.cpp
  Vector2f.cpp
  コードを生成中...
  team.vcxproj -> D:\Users\1916003\Desktop\新しいフォルダー (2)\GameMain\チーム制作\team\x64\Debug\team.exe
