c:\users\秋山\desktop\チーム制作(git)\gamemain\チーム制作\team\team\x64\debug\vc141.pdb
c:\users\秋山\desktop\チーム制作(git)\gamemain\チーム制作\team\team\x64\debug\vc141.idb
c:\users\秋山\desktop\チーム制作(git)\gamemain\チーム制作\team\team\x64\debug\titlescene.obj
c:\users\秋山\desktop\チーム制作(git)\gamemain\チーム制作\team\team\x64\debug\title.obj
c:\users\秋山\desktop\チーム制作(git)\gamemain\チーム制作\team\team\x64\debug\init.obj
c:\users\秋山\desktop\チーム制作(git)\gamemain\チーム制作\team\team\x64\debug\stage.obj
c:\users\秋山\desktop\チーム制作(git)\gamemain\チーム制作\team\team\x64\debug\sound.obj
c:\users\秋山\desktop\チーム制作(git)\gamemain\チーム制作\team\team\x64\debug\skill.obj
c:\users\秋山\desktop\チーム制作(git)\gamemain\チーム制作\team\team\x64\debug\selectscene.obj
c:\users\秋山\desktop\チーム制作(git)\gamemain\チーム制作\team\team\x64\debug\select.obj
c:\users\秋山\desktop\チーム制作(git)\gamemain\チーム制作\team\team\x64\debug\scenemng.obj
c:\users\秋山\desktop\チーム制作(git)\gamemain\チーム制作\team\team\x64\debug\result.obj
c:\users\秋山\desktop\チーム制作(git)\gamemain\チーム制作\team\team\x64\debug\player.obj
c:\users\秋山\desktop\チーム制作(git)\gamemain\チーム制作\team\team\x64\debug\pause.obj
c:\users\秋山\desktop\チーム制作(git)\gamemain\チーム制作\team\team\x64\debug\main.obj
c:\users\秋山\desktop\チーム制作(git)\gamemain\チーム制作\team\team\x64\debug\getkeystate.obj
c:\users\秋山\desktop\チーム制作(git)\gamemain\チーム制作\team\team\x64\debug\gamescene.obj
c:\users\秋山\desktop\チーム制作(git)\gamemain\チーム制作\team\team\x64\debug\gameover.obj
c:\users\秋山\desktop\チーム制作(git)\gamemain\チーム制作\team\team\x64\debug\effect.obj
c:\users\秋山\desktop\チーム制作(git)\gamemain\チーム制作\team\team\x64\debug\basescene.obj
c:\users\秋山\desktop\チーム制作(git)\gamemain\チーム制作\team\team\x64\debug\resultscene.obj
c:\users\秋山\desktop\チーム制作(git)\gamemain\チーム制作\team\team\x64\debug\gameoverscene.obj
c:\users\秋山\desktop\チーム制作(git)\gamemain\チーム制作\team\team\x64\debug\inputid.obj
c:\users\秋山\desktop\チーム制作(git)\gamemain\チーム制作\team\team\x64\debug\inputstate.obj
c:\users\秋山\desktop\チーム制作(git)\gamemain\チーム制作\team\team\x64\debug\keyid.obj
c:\users\秋山\desktop\チーム制作(git)\gamemain\チーム制作\team\team\x64\debug\keystate.obj
c:\users\秋山\desktop\チーム制作(git)\gamemain\チーム制作\team\x64\debug\team.exe
c:\users\秋山\desktop\チーム制作(git)\gamemain\チーム制作\team\x64\debug\team.ilk
c:\users\秋山\desktop\チーム制作(git)\gamemain\チーム制作\team\x64\debug\team.pdb
c:\users\秋山\desktop\チーム制作(git)\gamemain\チーム制作\team\team\x64\debug\team.tlog\cl.command.1.tlog
c:\users\秋山\desktop\チーム制作(git)\gamemain\チーム制作\team\team\x64\debug\team.tlog\cl.read.1.tlog
c:\users\秋山\desktop\チーム制作(git)\gamemain\チーム制作\team\team\x64\debug\team.tlog\cl.write.1.tlog
c:\users\秋山\desktop\チーム制作(git)\gamemain\チーム制作\team\team\x64\debug\team.tlog\link.command.1.tlog
c:\users\秋山\desktop\チーム制作(git)\gamemain\チーム制作\team\team\x64\debug\team.tlog\link.read.1.tlog
c:\users\秋山\desktop\チーム制作(git)\gamemain\チーム制作\team\team\x64\debug\team.tlog\link.write.1.tlog
